Arguments: 
  C:\Program Files\nodejs\node.exe C:\Program Files (x86)\Yarn\bin\yarn.js add fs-extra mem-fs mem-fs-editor shelljs

PATH: 
  C:\Python27\Lib\site-packages\PyQt4;C:\Program Files (x86)\Common Files\Oracle\Java\javapath;C:\ProgramData\Oracle\Java\javapath;C:\Program Files (x86)\Common Files\Intel\Shared Libraries\redist\intel64\compiler;C:\Windows\system32;C:\Windows;C:\Windows\System32\Wbem;C:\Windows\System32\WindowsPowerShell\v1.0\;C:\Windows\System32\OpenSSH\;C:\Program Files (x86)\Lua\5.1;C:\Program Files (x86)\Lua\5.1\clibs;C:\Python27;C:\Python27\Lib;C:\Python27\Scripts;C:\Program Files (x86)\NVIDIA Corporation\PhysX\Common;C:\Program Files\TortoiseSVN\bin;C:\Program Files\Git\cmd;C:\Program Files\TortoiseGit\bin;C:\Users\N19287\AppData\Roaming\nvm;C:\Program Files\nodejs;C:\Program Files (x86)\Yarn\bin\;C:\Program Files\Docker\Docker\resources\bin;C:\ProgramData\DockerDesktop\version-bin;C:\Users\N19287\AppData\Local\Microsoft\WindowsApps;C:\Users\N19287\AppData\Roaming\npm;C:\Program Files\Git\bin;C:\Users\N19287\AppData\Local\Programs\Microsoft VS Code\bin;C:\Users\N19287\AppData\Roaming\nvm;C:\Program Files\nodejs;C:\Program Files\nodejs;C:\Users\N19287\AppData\Local\Yarn\bin;E:\CC\code\git\easepack\bin;

Yarn version: 
  1.22.5

Node version: 
  14.15.0

Platform: 
  win32 x64

Trace: 
  SyntaxError: E:\CC\code\github\standard-ide\package.json: Unexpected token } in JSON at position 327
      at JSON.parse (<anonymous>)
      at C:\Program Files (x86)\Yarn\lib\cli.js:1625:59
      at Generator.next (<anonymous>)
      at step (C:\Program Files (x86)\Yarn\lib\cli.js:310:30)
      at C:\Program Files (x86)\Yarn\lib\cli.js:321:13

npm manifest: 
  {
    "name": "std-ide-cli",
    "version": "0.0.1",
    "description": "标准项目创建脚手架",
    "author": {
        "name":"kevinInsight",
        "email":"kevininsight@126.com"
    },
    "license": "MIT",
    "bin": {
      "std-ide-cli": "bin/cli"
    },
    "dependencies": {
      "chalk": "^4.1.0",
      "commander": "^7.0.0",
      "inquirer": "^7.3.3",
    }
  }

yarn manifest: 
  No manifest

Lockfile: 
  # THIS IS AN AUTOGENERATED FILE. DO NOT EDIT THIS FILE DIRECTLY.
  # yarn lockfile v1
  
  
  ansi-escapes@^4.2.1:
    version "4.3.1"
    resolved "https://registry.npm.taobao.org/ansi-escapes/download/ansi-escapes-4.3.1.tgz#a5c47cc43181f1f38ffd7076837700d395522a61"
    integrity sha1-pcR8xDGB8fOP/XB2g3cA05VSKmE=
    dependencies:
      type-fest "^0.11.0"
  
  ansi-regex@^5.0.0:
    version "5.0.0"
    resolved "https://registry.npm.taobao.org/ansi-regex/download/ansi-regex-5.0.0.tgz#388539f55179bf39339c81af30a654d69f87cb75"
    integrity sha1-OIU59VF5vzkznIGvMKZU1p+Hy3U=
  
  ansi-styles@^4.1.0:
    version "4.3.0"
    resolved "https://registry.npm.taobao.org/ansi-styles/download/ansi-styles-4.3.0.tgz?cache=0&sync_timestamp=1606792369066&other_urls=https%3A%2F%2Fregistry.npm.taobao.org%2Fansi-styles%2Fdownload%2Fansi-styles-4.3.0.tgz#edd803628ae71c04c85ae7a0906edad34b648937"
    integrity sha1-7dgDYornHATIWuegkG7a00tkiTc=
    dependencies:
      color-convert "^2.0.1"
  
  chalk@^4.1.0:
    version "4.1.0"
    resolved "https://registry.npm.taobao.org/chalk/download/chalk-4.1.0.tgz#4e14870a618d9e2edd97dd8345fd9d9dc315646a"
    integrity sha1-ThSHCmGNni7dl92DRf2dncMVZGo=
    dependencies:
      ansi-styles "^4.1.0"
      supports-color "^7.1.0"
  
  chardet@^0.7.0:
    version "0.7.0"
    resolved "https://registry.npm.taobao.org/chardet/download/chardet-0.7.0.tgz?cache=0&sync_timestamp=1601032454247&other_urls=https%3A%2F%2Fregistry.npm.taobao.org%2Fchardet%2Fdownload%2Fchardet-0.7.0.tgz#90094849f0937f2eedc2425d0d28a9e5f0cbad9e"
    integrity sha1-kAlISfCTfy7twkJdDSip5fDLrZ4=
  
  cli-cursor@^3.1.0:
    version "3.1.0"
    resolved "https://registry.npm.taobao.org/cli-cursor/download/cli-cursor-3.1.0.tgz#264305a7ae490d1d03bf0c9ba7c925d1753af307"
    integrity sha1-JkMFp65JDR0Dvwybp8kl0XU68wc=
    dependencies:
      restore-cursor "^3.1.0"
  
  cli-width@^3.0.0:
    version "3.0.0"
    resolved "https://registry.npm.taobao.org/cli-width/download/cli-width-3.0.0.tgz#a2f48437a2caa9a22436e794bf071ec9e61cedf6"
    integrity sha1-ovSEN6LKqaIkNueUvwceyeYc7fY=
  
  color-convert@^2.0.1:
    version "2.0.1"
    resolved "https://registry.npm.taobao.org/color-convert/download/color-convert-2.0.1.tgz#72d3a68d598c9bdb3af2ad1e84f21d896abd4de3"
    integrity sha1-ctOmjVmMm9s68q0ehPIdiWq9TeM=
    dependencies:
      color-name "~1.1.4"
  
  color-name@~1.1.4:
    version "1.1.4"
    resolved "https://registry.npm.taobao.org/color-name/download/color-name-1.1.4.tgz#c2a09a87acbde69543de6f63fa3995c826c536a2"
    integrity sha1-wqCah6y95pVD3m9j+jmVyCbFNqI=
  
  commander@^7.0.0:
    version "7.0.0"
    resolved "https://registry.npm.taobao.org/commander/download/commander-7.0.0.tgz?cache=0&sync_timestamp=1610702151695&other_urls=https%3A%2F%2Fregistry.npm.taobao.org%2Fcommander%2Fdownload%2Fcommander-7.0.0.tgz#3e2bbfd8bb6724760980988fb5b22b7ee6b71ab2"
    integrity sha1-Piu/2LtnJHYJgJiPtbIrfua3GrI=
  
  emoji-regex@^8.0.0:
    version "8.0.0"
    resolved "https://registry.npm.taobao.org/emoji-regex/download/emoji-regex-8.0.0.tgz?cache=0&sync_timestamp=1603212180491&other_urls=https%3A%2F%2Fregistry.npm.taobao.org%2Femoji-regex%2Fdownload%2Femoji-regex-8.0.0.tgz#e818fd69ce5ccfcb404594f842963bf53164cc37"
    integrity sha1-6Bj9ac5cz8tARZT4QpY79TFkzDc=
  
  escape-string-regexp@^1.0.5:
    version "1.0.5"
    resolved "https://registry.npm.taobao.org/escape-string-regexp/download/escape-string-regexp-1.0.5.tgz?cache=0&other_urls=https%3A%2F%2Fregistry.npm.taobao.org%2Fescape-string-regexp%2Fdownload%2Fescape-string-regexp-1.0.5.tgz#1b61c0562190a8dff6ae3bb2cf0200ca130b86d4"
    integrity sha1-G2HAViGQqN/2rjuyzwIAyhMLhtQ=
  
  external-editor@^3.0.3:
    version "3.1.0"
    resolved "https://registry.npm.taobao.org/external-editor/download/external-editor-3.1.0.tgz#cb03f740befae03ea4d283caed2741a83f335495"
    integrity sha1-ywP3QL764D6k0oPK7SdBqD8zVJU=
    dependencies:
      chardet "^0.7.0"
      iconv-lite "^0.4.24"
      tmp "^0.0.33"
  
  figures@^3.0.0:
    version "3.2.0"
    resolved "https://registry.npm.taobao.org/figures/download/figures-3.2.0.tgz#625c18bd293c604dc4a8ddb2febf0c88341746af"
    integrity sha1-YlwYvSk8YE3EqN2y/r8MiDQXRq8=
    dependencies:
      escape-string-regexp "^1.0.5"
  
  has-flag@^4.0.0:
    version "4.0.0"
    resolved "https://registry.npm.taobao.org/has-flag/download/has-flag-4.0.0.tgz#944771fd9c81c81265c4d6941860da06bb59479b"
    integrity sha1-lEdx/ZyByBJlxNaUGGDaBrtZR5s=
  
  iconv-lite@^0.4.24:
    version "0.4.24"
    resolved "https://registry.npm.taobao.org/iconv-lite/download/iconv-lite-0.4.24.tgz?cache=0&sync_timestamp=1594184264130&other_urls=https%3A%2F%2Fregistry.npm.taobao.org%2Ficonv-lite%2Fdownload%2Ficonv-lite-0.4.24.tgz#2022b4b25fbddc21d2f524974a474aafe733908b"
    integrity sha1-ICK0sl+93CHS9SSXSkdKr+czkIs=
    dependencies:
      safer-buffer ">= 2.1.2 < 3"
  
  inquirer@^7.3.3:
    version "7.3.3"
    resolved "https://registry.npm.taobao.org/inquirer/download/inquirer-7.3.3.tgz#04d176b2af04afc157a83fd7c100e98ee0aad003"
    integrity sha1-BNF2sq8Er8FXqD/XwQDpjuCq0AM=
    dependencies:
      ansi-escapes "^4.2.1"
      chalk "^4.1.0"
      cli-cursor "^3.1.0"
      cli-width "^3.0.0"
      external-editor "^3.0.3"
      figures "^3.0.0"
      lodash "^4.17.19"
      mute-stream "0.0.8"
      run-async "^2.4.0"
      rxjs "^6.6.0"
      string-width "^4.1.0"
      strip-ansi "^6.0.0"
      through "^2.3.6"
  
  is-fullwidth-code-point@^3.0.0:
    version "3.0.0"
    resolved "https://registry.npm.taobao.org/is-fullwidth-code-point/download/is-fullwidth-code-point-3.0.0.tgz#f116f8064fe90b3f7844a38997c0b75051269f1d"
    integrity sha1-8Rb4Bk/pCz94RKOJl8C3UFEmnx0=
  
  lodash@^4.17.19, lodash@^4.17.20:
    version "4.17.20"
    resolved "https://registry.npm.taobao.org/lodash/download/lodash-4.17.20.tgz#b44a9b6297bcb698f1c51a3545a2b3b368d59c52"
    integrity sha1-tEqbYpe8tpjxxRo1RaKzs2jVnFI=
  
  mimic-fn@^2.1.0:
    version "2.1.0"
    resolved "https://registry.npm.taobao.org/mimic-fn/download/mimic-fn-2.1.0.tgz#7ed2c2ccccaf84d3ffcb7a69b57711fc2083401b"
    integrity sha1-ftLCzMyvhNP/y3pptXcR/CCDQBs=
  
  mute-stream@0.0.8:
    version "0.0.8"
    resolved "https://registry.npm.taobao.org/mute-stream/download/mute-stream-0.0.8.tgz#1630c42b2251ff81e2a283de96a5497ea92e5e0d"
    integrity sha1-FjDEKyJR/4HiooPelqVJfqkuXg0=
  
  onetime@^5.1.0:
    version "5.1.2"
    resolved "https://registry.npm.taobao.org/onetime/download/onetime-5.1.2.tgz?cache=0&sync_timestamp=1597005345612&other_urls=https%3A%2F%2Fregistry.npm.taobao.org%2Fonetime%2Fdownload%2Fonetime-5.1.2.tgz#d0e96ebb56b07476df1dd9c4806e5237985ca45e"
    integrity sha1-0Oluu1awdHbfHdnEgG5SN5hcpF4=
    dependencies:
      mimic-fn "^2.1.0"
  
  os-tmpdir@~1.0.2:
    version "1.0.2"
    resolved "https://registry.npm.taobao.org/os-tmpdir/download/os-tmpdir-1.0.2.tgz#bbe67406c79aa85c5cfec766fe5734555dfa1274"
    integrity sha1-u+Z0BseaqFxc/sdm/lc0VV36EnQ=
  
  restore-cursor@^3.1.0:
    version "3.1.0"
    resolved "https://registry.npm.taobao.org/restore-cursor/download/restore-cursor-3.1.0.tgz#39f67c54b3a7a58cea5236d95cf0034239631f7e"
    integrity sha1-OfZ8VLOnpYzqUjbZXPADQjljH34=
    dependencies:
      onetime "^5.1.0"
      signal-exit "^3.0.2"
  
  run-async@^2.4.0:
    version "2.4.1"
    resolved "https://registry.npm.taobao.org/run-async/download/run-async-2.4.1.tgz#8440eccf99ea3e70bd409d49aab88e10c189a455"
    integrity sha1-hEDsz5nqPnC9QJ1JqriOEMGJpFU=
  
  rxjs@^6.6.0:
    version "6.6.3"
    resolved "https://registry.npm.taobao.org/rxjs/download/rxjs-6.6.3.tgz?cache=0&sync_timestamp=1610927584447&other_urls=https%3A%2F%2Fregistry.npm.taobao.org%2Frxjs%2Fdownload%2Frxjs-6.6.3.tgz#8ca84635c4daa900c0d3967a6ee7ac60271ee552"
    integrity sha1-jKhGNcTaqQDA05Z6buesYCce5VI=
    dependencies:
      tslib "^1.9.0"
  
  "safer-buffer@>= 2.1.2 < 3":
    version "2.1.2"
    resolved "https://registry.npm.taobao.org/safer-buffer/download/safer-buffer-2.1.2.tgz#44fa161b0187b9549dd84bb91802f9bd8385cd6a"
    integrity sha1-RPoWGwGHuVSd2Eu5GAL5vYOFzWo=
  
  signal-exit@^3.0.2:
    version "3.0.3"
    resolved "https://registry.npm.taobao.org/signal-exit/download/signal-exit-3.0.3.tgz#a1410c2edd8f077b08b4e253c8eacfcaf057461c"
    integrity sha1-oUEMLt2PB3sItOJTyOrPyvBXRhw=
  
  string-width@^4.1.0:
    version "4.2.0"
    resolved "https://registry.npm.taobao.org/string-width/download/string-width-4.2.0.tgz#952182c46cc7b2c313d1596e623992bd163b72b5"
    integrity sha1-lSGCxGzHssMT0VluYjmSvRY7crU=
    dependencies:
      emoji-regex "^8.0.0"
      is-fullwidth-code-point "^3.0.0"
      strip-ansi "^6.0.0"
  
  strip-ansi@^6.0.0:
    version "6.0.0"
    resolved "https://registry.npm.taobao.org/strip-ansi/download/strip-ansi-6.0.0.tgz#0b1571dd7669ccd4f3e06e14ef1eed26225ae532"
    integrity sha1-CxVx3XZpzNTz4G4U7x7tJiJa5TI=
    dependencies:
      ansi-regex "^5.0.0"
  
  supports-color@^7.1.0:
    version "7.2.0"
    resolved "https://registry.npm.taobao.org/supports-color/download/supports-color-7.2.0.tgz?cache=0&sync_timestamp=1608033330722&other_urls=https%3A%2F%2Fregistry.npm.taobao.org%2Fsupports-color%2Fdownload%2Fsupports-color-7.2.0.tgz#1b7dcdcb32b8138801b3e478ba6a51caa89648da"
    integrity sha1-G33NyzK4E4gBs+R4umpRyqiWSNo=
    dependencies:
      has-flag "^4.0.0"
  
  through@^2.3.6:
    version "2.3.8"
    resolved "https://registry.npm.taobao.org/through/download/through-2.3.8.tgz#0dd4c9ffaabc357960b1b724115d7e0e86a2e1f5"
    integrity sha1-DdTJ/6q8NXlgsbckEV1+Doai4fU=
  
  tmp@^0.0.33:
    version "0.0.33"
    resolved "https://registry.npm.taobao.org/tmp/download/tmp-0.0.33.tgz#6d34335889768d21b2bcda0aa277ced3b1bfadf9"
    integrity sha1-bTQzWIl2jSGyvNoKonfO07G/rfk=
    dependencies:
      os-tmpdir "~1.0.2"
  
  tslib@^1.9.0:
    version "1.14.1"
    resolved "https://registry.npm.taobao.org/tslib/download/tslib-1.14.1.tgz?cache=0&sync_timestamp=1609887539329&other_urls=https%3A%2F%2Fregistry.npm.taobao.org%2Ftslib%2Fdownload%2Ftslib-1.14.1.tgz#cf2d38bdc34a134bcaf1091c41f6619e2f672d00"
    integrity sha1-zy04vcNKE0vK8QkcQfZhni9nLQA=
  
  type-fest@^0.11.0:
    version "0.11.0"
    resolved "https://registry.npm.taobao.org/type-fest/download/type-fest-0.11.0.tgz?cache=0&sync_timestamp=1606468844109&other_urls=https%3A%2F%2Fregistry.npm.taobao.org%2Ftype-fest%2Fdownload%2Ftype-fest-0.11.0.tgz#97abf0872310fed88a5c466b25681576145e33f1"
    integrity sha1-l6vwhyMQ/tiKXEZrJWgVdhReM/E=
